<?xml version="1.0" encoding="UTF-8"?>
<!-- Generated by org.testng.reporters.JUnitXMLReporter -->
<testsuite hostname="Devilslab" failures="0" tests="11" name="Test" time="12.851" errors="0" timestamp="24 Apr 2020 06:25:10 GMT">
  <testcase classname="RestAssuredTestCases.TC001_Post_Request" name="registration" time="6.139"/>
  <testcase classname="RestAssuredTestCases.TC001_Get_Request" name="getWeatherDetails" time="0.614"/>
  <testcase classname="RestAssuredTestCases.TC001_ExtractingJSONBodayValue" name="extractBodyValue" time="0.523"/>
  <testcase classname="RestAssuredTestCases.TC001_DataDrivenAPITest_AddNewEmployee" name="postNewEmployee" time="0.461"/>
  <testcase classname="RestAssuredTestCases.TC001_DataDrivenAPITest_AddNewEmployee" name="postNewEmployee" time="0.446"/>
  <testcase classname="RestAssuredTestCases.TC001_BasicAuthentication" name="authentication" time="0.422"/>
  <testcase classname="RestAssuredTestCases.TC001_ExceDataDriven_AddNewEmployee" name="postNewEmployee" time="0.773"/>
  <testcase classname="RestAssuredTestCases.TC001_ExceDataDriven_AddNewEmployee" name="postNewEmployee" time="0.643"/>
  <testcase classname="RestAssuredTestCases.TC001_Body_Data_Validation" name="bodyDataValidation" time="0.406"/>
  <testcase classname="RestAssuredTestCases.TC001_Get_HeaderValidation" name="validateHeader" time="1.45"/>
  <testcase classname="RestAssuredTestCases.TC001_Get_ReadingAllHeaders" name="getAllHeader" time="0.456"/>
</testsuite> <!-- Test -->
