<?xml version="1.0" encoding="UTF-8"?>
<!-- Generated by org.testng.reporters.JUnitXMLReporter -->
<testsuite hostname="Devilslab" failures="0" tests="11" name="Test" time="10.939" errors="0" timestamp="24 Apr 2020 06:48:43 GMT">
  <testcase classname="RestAssuredTestCases.TC001_Post_Request" name="registration" time="6.05"/>
  <testcase classname="RestAssuredTestCases.TC001_Get_Request" name="getWeatherDetails" time="0.413"/>
  <testcase classname="RestAssuredTestCases.TC001_ExtractingJSONBodayValue" name="extractBodyValue" time="0.505"/>
  <testcase classname="RestAssuredTestCases.TC001_DataDrivenAPITest_AddNewEmployee" name="postNewEmployee" time="0.453"/>
  <testcase classname="RestAssuredTestCases.TC001_DataDrivenAPITest_AddNewEmployee" name="postNewEmployee" time="0.406"/>
  <testcase classname="RestAssuredTestCases.TC001_BasicAuthentication" name="authentication" time="0.356"/>
  <testcase classname="RestAssuredTestCases.TC001_ExceDataDriven_AddNewEmployee" name="postNewEmployee" time="0.45"/>
  <testcase classname="RestAssuredTestCases.TC001_ExceDataDriven_AddNewEmployee" name="postNewEmployee" time="0.385"/>
  <testcase classname="RestAssuredTestCases.TC001_Body_Data_Validation" name="bodyDataValidation" time="0.383"/>
  <testcase classname="RestAssuredTestCases.TC001_Get_HeaderValidation" name="validateHeader" time="0.377"/>
  <testcase classname="RestAssuredTestCases.TC001_Get_ReadingAllHeaders" name="getAllHeader" time="0.38"/>
</testsuite> <!-- Test -->
