<?xml version="1.0" encoding="UTF-8"?>
<!-- Generated by org.testng.reporters.JUnitXMLReporter -->
<testsuite hostname="Devilslab" name="Test" tests="11" failures="0" timestamp="23 Apr 2020 06:02:13 GMT" time="17.417" errors="0">
  <testcase name="registration" time="9.334" classname="RestAssuredTestCases.TC001_Post_Request"/>
  <testcase name="getWeatherDetails" time="1.027" classname="RestAssuredTestCases.TC001_Get_Request"/>
  <testcase name="extractBodyValue" time="0.615" classname="RestAssuredTestCases.TC001_ExtractingJSONBodayValue"/>
  <testcase name="postNewEmployee" time="0.974" classname="RestAssuredTestCases.TC001_DataDrivenAPITest_AddNewEmployee"/>
  <testcase name="postNewEmployee" time="1.042" classname="RestAssuredTestCases.TC001_DataDrivenAPITest_AddNewEmployee"/>
  <testcase name="authentication" time="0.646" classname="RestAssuredTestCases.TC001_BasicAuthentication"/>
  <testcase name="postNewEmployee" time="0.695" classname="RestAssuredTestCases.TC001_ExceDataDriven_AddNewEmployee"/>
  <testcase name="postNewEmployee" time="0.909" classname="RestAssuredTestCases.TC001_ExceDataDriven_AddNewEmployee"/>
  <testcase name="bodyDataValidation" time="0.463" classname="RestAssuredTestCases.TC001_Body_Data_Validation"/>
  <testcase name="validateHeader" time="0.433" classname="RestAssuredTestCases.TC001_Get_HeaderValidation"/>
  <testcase name="getAllHeader" time="0.427" classname="RestAssuredTestCases.TC001_Get_ReadingAllHeaders"/>
</testsuite> <!-- Test -->
