<?xml version="1.0" encoding="UTF-8"?>
<testng-results total="11" passed="11" failed="0" skipped="0">
  <reporter-output>
  </reporter-output>
  <suite started-at="2020-04-24T06:48:32Z" name="RestAssuredTestSuite" finished-at="2020-04-24T06:48:43Z" duration-ms="10939">
    <groups>
    </groups>
    <test started-at="2020-04-24T06:48:32Z" name="Test" finished-at="2020-04-24T06:48:43Z" duration-ms="10939">
      <class name="RestAssuredTestCases.TC001_Get_ReadingAllHeaders">
        <test-method signature="getAllHeader()[pri:0, instance:RestAssuredTestCases.TC001_Get_ReadingAllHeaders@226a82c4]" started-at="2020-04-23T23:48:43Z" name="getAllHeader" finished-at="2020-04-23T23:48:43Z" duration-ms="380" status="PASS">
          <reporter-output>
          </reporter-output>
        </test-method> <!-- getAllHeader -->
      </class> <!-- RestAssuredTestCases.TC001_Get_ReadingAllHeaders -->
      <class name="RestAssuredTestCases.TC001_Get_HeaderValidation">
        <test-method signature="validateHeader()[pri:0, instance:RestAssuredTestCases.TC001_Get_HeaderValidation@7fe8ea47]" started-at="2020-04-23T23:48:42Z" name="validateHeader" finished-at="2020-04-23T23:48:43Z" duration-ms="377" status="PASS">
          <reporter-output>
          </reporter-output>
        </test-method> <!-- validateHeader -->
      </class> <!-- RestAssuredTestCases.TC001_Get_HeaderValidation -->
      <class name="RestAssuredTestCases.TC001_DataDrivenAPITest_AddNewEmployee">
        <test-method signature="postNewEmployee(java.lang.String, java.lang.String, java.lang.String)[pri:0, instance:RestAssuredTestCases.TC001_DataDrivenAPITest_AddNewEmployee@4461c7e3]" started-at="2020-04-23T23:48:39Z" name="postNewEmployee" data-provider="employeeData" finished-at="2020-04-23T23:48:40Z" duration-ms="453" status="PASS">
          <params>
            <param index="0">
              <value>
                <![CDATA[tina]]>
              </value>
            </param>
            <param index="1">
              <value>
                <![CDATA[3300]]>
              </value>
            </param>
            <param index="2">
              <value>
                <![CDATA[18]]>
              </value>
            </param>
          </params>
          <reporter-output>
          </reporter-output>
        </test-method> <!-- postNewEmployee -->
        <test-method signature="postNewEmployee(java.lang.String, java.lang.String, java.lang.String)[pri:0, instance:RestAssuredTestCases.TC001_DataDrivenAPITest_AddNewEmployee@4461c7e3]" started-at="2020-04-23T23:48:40Z" name="postNewEmployee" data-provider="employeeData" finished-at="2020-04-23T23:48:40Z" duration-ms="406" status="PASS">
          <params>
            <param index="0">
              <value>
                <![CDATA[mina]]>
              </value>
            </param>
            <param index="1">
              <value>
                <![CDATA[5000]]>
              </value>
            </param>
            <param index="2">
              <value>
                <![CDATA[26]]>
              </value>
            </param>
          </params>
          <reporter-output>
          </reporter-output>
        </test-method> <!-- postNewEmployee -->
      </class> <!-- RestAssuredTestCases.TC001_DataDrivenAPITest_AddNewEmployee -->
      <class name="RestAssuredTestCases.TC001_Post_Request">
        <test-method signature="registration()[pri:0, instance:RestAssuredTestCases.TC001_Post_Request@345965f2]" started-at="2020-04-23T23:48:32Z" name="registration" finished-at="2020-04-23T23:48:38Z" duration-ms="6050" status="PASS">
          <reporter-output>
          </reporter-output>
        </test-method> <!-- registration -->
      </class> <!-- RestAssuredTestCases.TC001_Post_Request -->
      <class name="RestAssuredTestCases.TC001_Body_Data_Validation">
        <test-method signature="bodyDataValidation()[pri:0, instance:RestAssuredTestCases.TC001_Body_Data_Validation@35fc6dc4]" started-at="2020-04-23T23:48:42Z" name="bodyDataValidation" finished-at="2020-04-23T23:48:42Z" duration-ms="383" status="PASS">
          <reporter-output>
          </reporter-output>
        </test-method> <!-- bodyDataValidation -->
      </class> <!-- RestAssuredTestCases.TC001_Body_Data_Validation -->
      <class name="RestAssuredTestCases.TC001_ExceDataDriven_AddNewEmployee">
        <test-method signature="postNewEmployee(java.lang.String, java.lang.String, java.lang.String)[pri:0, instance:RestAssuredTestCases.TC001_ExceDataDriven_AddNewEmployee@77e4c80f]" started-at="2020-04-23T23:48:41Z" name="postNewEmployee" data-provider="employeeData" finished-at="2020-04-23T23:48:42Z" duration-ms="450" status="PASS">
          <params>
            <param index="0">
              <value>
                <![CDATA[Neeta]]>
              </value>
            </param>
            <param index="1">
              <value>
                <![CDATA[2000.0]]>
              </value>
            </param>
            <param index="2">
              <value>
                <![CDATA[23.0]]>
              </value>
            </param>
          </params>
          <reporter-output>
          </reporter-output>
        </test-method> <!-- postNewEmployee -->
        <test-method signature="postNewEmployee(java.lang.String, java.lang.String, java.lang.String)[pri:0, instance:RestAssuredTestCases.TC001_ExceDataDriven_AddNewEmployee@77e4c80f]" started-at="2020-04-23T23:48:42Z" name="postNewEmployee" data-provider="employeeData" finished-at="2020-04-23T23:48:42Z" duration-ms="385" status="PASS">
          <params>
            <param index="0">
              <value>
                <![CDATA[Preeti]]>
              </value>
            </param>
            <param index="1">
              <value>
                <![CDATA[2001.0]]>
              </value>
            </param>
            <param index="2">
              <value>
                <![CDATA[24.0]]>
              </value>
            </param>
          </params>
          <reporter-output>
          </reporter-output>
        </test-method> <!-- postNewEmployee -->
      </class> <!-- RestAssuredTestCases.TC001_ExceDataDriven_AddNewEmployee -->
      <class name="RestAssuredTestCases.TC001_Get_Request">
        <test-method signature="getWeatherDetails()[pri:0, instance:RestAssuredTestCases.TC001_Get_Request@58134517]" started-at="2020-04-23T23:48:38Z" name="getWeatherDetails" finished-at="2020-04-23T23:48:39Z" duration-ms="413" status="PASS">
          <reporter-output>
          </reporter-output>
        </test-method> <!-- getWeatherDetails -->
      </class> <!-- RestAssuredTestCases.TC001_Get_Request -->
      <class name="RestAssuredTestCases.TC001_BasicAuthentication">
        <test-method signature="authentication()[pri:0, instance:RestAssuredTestCases.TC001_BasicAuthentication@351d0846]" started-at="2020-04-23T23:48:40Z" name="authentication" finished-at="2020-04-23T23:48:40Z" duration-ms="356" status="PASS">
          <reporter-output>
          </reporter-output>
        </test-method> <!-- authentication -->
      </class> <!-- RestAssuredTestCases.TC001_BasicAuthentication -->
      <class name="RestAssuredTestCases.TC001_ExtractingJSONBodayValue">
        <test-method signature="extractBodyValue()[pri:0, instance:RestAssuredTestCases.TC001_ExtractingJSONBodayValue@4450d156]" started-at="2020-04-23T23:48:39Z" name="extractBodyValue" finished-at="2020-04-23T23:48:39Z" duration-ms="505" status="PASS">
          <reporter-output>
          </reporter-output>
        </test-method> <!-- extractBodyValue -->
      </class> <!-- RestAssuredTestCases.TC001_ExtractingJSONBodayValue -->
    </test> <!-- Test -->
  </suite> <!-- RestAssuredTestSuite -->
</testng-results>
