<?xml version="1.0" encoding="UTF-8"?>
<testsuite xmlns:xsi="http://www.w3.org/2001/XMLSchema-instance" xsi:noNamespaceSchemaLocation="https://maven.apache.org/surefire/maven-surefire-plugin/xsd/surefire-test-report-3.0.xsd" version="3.0" name="TestSuite" time="12.565" tests="11" errors="0" skipped="0" failures="0">
  <properties>
[...]
</properties>
  <testcase name="registration" classname="RestAssuredTestCases.TC001_Post_Request" time="6.053"/>
  <testcase name="getWeatherDetails" classname="RestAssuredTestCases.TC001_Get_Request" time="0.43"/>
  <testcase name="extractBodyValue" classname="RestAssuredTestCases.TC001_ExtractingJSONBodayValue" time="0.488"/>
  <testcase name="postNewEmployee" classname="RestAssuredTestCases.TC001_DataDrivenAPITest_AddNewEmployee" time="0.455"/>
  <testcase name="postNewEmployee" classname="RestAssuredTestCases.TC001_DataDrivenAPITest_AddNewEmployee" time="0.405"/>
  <testcase name="authentication" classname="RestAssuredTestCases.TC001_BasicAuthentication" time="0.354"/>
  <testcase name="postNewEmployee" classname="RestAssuredTestCases.TC001_ExceDataDriven_AddNewEmployee" time="0.45"/>
  <testcase name="postNewEmployee" classname="RestAssuredTestCases.TC001_ExceDataDriven_AddNewEmployee" time="0.39"/>
  <testcase name="bodyDataValidation" classname="RestAssuredTestCases.TC001_Body_Data_Validation" time="0.404"/>
  <testcase name="validateHeader" classname="RestAssuredTestCases.TC001_Get_HeaderValidation" time="0.356"/>
  <testcase name="getAllHeader" classname="RestAssuredTestCases.TC001_Get_ReadingAllHeaders" time="0.38"/>
</testsuite>