<?xml version="1.0" encoding="UTF-8"?>
<testng-results skipped="0" failed="0" total="1" passed="1">
  <reporter-output>
  </reporter-output>
  <suite name="Default suite" duration-ms="5490" started-at="2020-04-24T05:39:39Z" finished-at="2020-04-24T05:39:45Z">
    <groups>
    </groups>
    <test name="Default test" duration-ms="5490" started-at="2020-04-24T05:39:39Z" finished-at="2020-04-24T05:39:45Z">
      <class name="RestAssuredTestCases.TC001_ExtractingJSONBodayValue">
        <test-method status="PASS" signature="extractBodyValue()[pri:0, instance:RestAssuredTestCases.TC001_ExtractingJSONBodayValue@1b604f19]" name="extractBodyValue" duration-ms="5462" started-at="2020-04-23T22:39:39Z" finished-at="2020-04-23T22:39:45Z">
          <reporter-output>
          </reporter-output>
        </test-method> <!-- extractBodyValue -->
      </class> <!-- RestAssuredTestCases.TC001_ExtractingJSONBodayValue -->
    </test> <!-- Default test -->
  </suite> <!-- Default suite -->
</testng-results>
